Permission denied at /opt/bbxml/bin/bbxml2 line 37, <> chunk 1.
Permission denied at /opt/bbxml/bin/bbxml2 line 37, <> chunk 1.
Permission denied at /opt/bbxml/bin/bbxml2 line 37, <> chunk 1.
Permission denied at /opt/bbxml/bin/bbxml2 line 37, <> chunk 1.
Permission denied at /opt/bbxml/bin/bbxml2 line 37, <> chunk 1.
Permission denied at /opt/bbxml/bin/bbxml2 line 37, <> chunk 1.
Permission denied at /opt/bbxml/bin/bbxml2 line 37, <> chunk 1.
Permission denied at /opt/bbxml/bin/bbxml2 line 37, <> chunk 1.
Permission denied at /opt/bbxml/bin/bbxml2 line 37, <> chunk 1.
Permission denied at /opt/bbxml/bin/bbxml2 line 37, <> chunk 1.
Permission denied at /opt/bbxml/bin/bbxml2 line 37, <> chunk 1.
Permission denied at /opt/bbxml/bin/bbxml2 line 37, <> chunk 1.
Permission denied at /opt/bbxml/bin/bbxml2 line 37, <> chunk 1.
Permission denied at /opt/bbxml/bin/bbxml2 line 37, <> chunk 1.
Permission denied at /opt/bbxml/bin/bbxml2 line 37, <> chunk 1.
Permission denied at /opt/bbxml/bin/bbxml2 line 37, <> chunk 1.
Permission denied at /opt/bbxml/bin/bbxml2 line 37, <> chunk 1.
Permission denied at /opt/bbxml/bin/bbxml2 line 37, <> chunk 1.
Sending - to /dev/betabrite
Sending - to /dev/betabrite
Sending - to /dev/betabrite
10:43:1, Tue May 19, 2009 - Sending - to /dev/betabrite
10:44:1, Tue May 19, 2009 - Sending - to /dev/betabrite
10:45:2, Tue May 19, 2009 - Sending - to /dev/betabrite
10:46:1, Tue May 19, 2009 - Sending - to /dev/betabrite
10:47:1, Tue May 19, 2009 - Sending - to /dev/betabrite
10:48:1, Tue May 19, 2009 - Sending - to /dev/betabrite
10:49:1, Tue May 19, 2009 - Sending - to /dev/betabrite
10:50:2, Tue May 19, 2009 - Sending - to /dev/betabrite
10:51:1, Tue May 19, 2009 - Sending - to /dev/betabrite
10:52:1, Tue May 19, 2009 - Sending - to /dev/betabrite
10:53:2, Tue May 19, 2009 - Sending - to /dev/betabrite
10:54:1, Tue May 19, 2009 - Sending - to /dev/betabrite
10:55:1, Tue May 19, 2009 - Sending - to /dev/betabrite
10:56:1, Tue May 19, 2009 - Sending - to /dev/betabrite
10:57:1, Tue May 19, 2009 - Sending - to /dev/betabrite
10:58:2, Tue May 19, 2009 - Sending - to /dev/betabrite
10:59:1, Tue May 19, 2009 - Sending - to /dev/betabrite
11:0:2, Tue May 19, 2009 - Sending - to /dev/betabrite
11:1:2, Tue May 19, 2009 - Sending - to /dev/betabrite
11:2:1, Tue May 19, 2009 - Sending - to /dev/betabrite
11:3:1, Tue May 19, 2009 - Sending - to /dev/betabrite
11:4:2, Tue May 19, 2009 - Sending - to /dev/betabrite
11:5:1, Tue May 19, 2009 - Sending - to /dev/betabrite
11:6:1, Tue May 19, 2009 - Sending - to /dev/betabrite
11:7:1, Tue May 19, 2009 - Sending - to /dev/betabrite
11:8:1, Tue May 19, 2009 - Sending - to /dev/betabrite
11:9:2, Tue May 19, 2009 - Sending - to /dev/betabrite
11:10:1, Tue May 19, 2009 - Sending - to /dev/betabrite
11:11:1, Tue May 19, 2009 - Sending - to /dev/betabrite
11:12:1, Tue May 19, 2009 - Sending - to /dev/betabrite
11:13:1, Tue May 19, 2009 - Sending - to /dev/betabrite
11:14:1, Tue May 19, 2009 - Sending - to /dev/betabrite
11:15:2, Tue May 19, 2009 - Sending - to /dev/betabrite
11:16:1, Tue May 19, 2009 - Sending - to /dev/betabrite
11:17:1, Tue May 19, 2009 - Sending - to /dev/betabrite
11:18:2, Tue May 19, 2009 - Sending - to /dev/betabrite
11:19:1, Tue May 19, 2009 - Sending - to /dev/betabrite
11:20:1, Tue May 19, 2009 - Sending - to /dev/betabrite
11:21:2, Tue May 19, 2009 - Sending - to /dev/betabrite
11:22:1, Tue May 19, 2009 - Sending - to /dev/betabrite
11:23:2, Tue May 19, 2009 - Sending - to /dev/betabrite
11:24:1, Tue May 19, 2009 - Sending - to /dev/betabrite
11:25:1, Tue May 19, 2009 - Sending - to /dev/betabrite
11:26:2, Tue May 19, 2009 - Sending - to /dev/betabrite
11:27:1, Tue May 19, 2009 - Sending - to /dev/betabrite
11:28:1, Tue May 19, 2009 - Sending - to /dev/betabrite
11:29:2, Tue May 19, 2009 - Sending - to /dev/betabrite
11:30:2, Tue May 19, 2009 - Sending - to /dev/betabrite
11:31:2, Tue May 19, 2009 - Sending - to /dev/betabrite
11:32:1, Tue May 19, 2009 - Sending - to /dev/betabrite
11:33:1, Tue May 19, 2009 - Sending - to /dev/betabrite
11:34:2, Tue May 19, 2009 - Sending - to /dev/betabrite
11:35:1, Tue May 19, 2009 - Sending - to /dev/betabrite
11:36:1, Tue May 19, 2009 - Sending - to /dev/betabrite
11:37:2, Tue May 19, 2009 - Sending - to /dev/betabrite
11:38:1, Tue May 19, 2009 - Sending - to /dev/betabrite
11:39:1, Tue May 19, 2009 - Sending - to /dev/betabrite
11:40:2, Tue May 19, 2009 - Sending - to /dev/betabrite
11:41:1, Tue May 19, 2009 - Sending - to /dev/betabrite
11:42:1, Tue May 19, 2009 - Sending - to /dev/betabrite
11:43:1, Tue May 19, 2009 - Sending - to /dev/betabrite
11:44:1, Tue May 19, 2009 - Sending - to /dev/betabrite
11:45:2, Tue May 19, 2009 - Sending - to /dev/betabrite
11:46:1, Tue May 19, 2009 - Sending - to /dev/betabrite
11:47:1, Tue May 19, 2009 - Sending - to /dev/betabrite
11:48:2, Tue May 19, 2009 - Sending - to /dev/betabrite
11:49:1, Tue May 19, 2009 - Sending - to /dev/betabrite
11:50:1, Tue May 19, 2009 - Sending - to /dev/betabrite
11:51:1, Tue May 19, 2009 - Sending - to /dev/betabrite
11:52:1, Tue May 19, 2009 - Sending - to /dev/betabrite
11:53:2, Tue May 19, 2009 - Sending - to /dev/betabrite
11:54:1, Tue May 19, 2009 - Sending - to /dev/betabrite
11:55:1, Tue May 19, 2009 - Sending - to /dev/betabrite
Unmatched right curly bracket at /opt/bbxml/bin/bbxml2 line 73, at end of line
syntax error at /opt/bbxml/bin/bbxml2 line 73, near "}"
Execution of /opt/bbxml/bin/bbxml2 aborted due to compilation errors.
11:57:1, Tue May 19, 2009 - Sending  to /dev/betabrite
11:58:2, Tue May 19, 2009 - Sending  to /dev/betabrite
11:59:1, Tue May 19, 2009 - Sending  to /dev/betabrite
12:0:1, Tue May 19, 2009 - Sending  to /dev/betabrite
12:1:2, Tue May 19, 2009 - Sending  to /dev/betabrite
12:2:1, Tue May 19, 2009 - Sending  to /dev/betabrite
12:3:1, Tue May 19, 2009 - Sending  to /dev/betabrite
12:4:2, Tue May 19, 2009 - Sending  to /dev/betabrite
12:5:1, Tue May 19, 2009 - Sending  to /dev/betabrite
12:6:1, Tue May 19, 2009 - Sending  to /dev/betabrite
12:7:2, Tue May 19, 2009 - Sending  to /dev/betabrite
12:8:1, Tue May 19, 2009 - Sending  to /dev/betabrite
12:9:1, Tue May 19, 2009 - Sending  to /dev/betabrite
12:10:1, Tue May 19, 2009 - Sending  to /dev/betabrite
12:11:1, Tue May 19, 2009 - Sending  to /dev/betabrite
12:12:2, Tue May 19, 2009 - Sending  to /dev/betabrite
12:13:1, Tue May 19, 2009 - Sending  to /dev/betabrite
12:14:1, Tue May 19, 2009 - Sending  to /dev/betabrite
12:15:2, Tue May 19, 2009 - Sending  to /dev/betabrite
12:16:1, Tue May 19, 2009 - Sending  to /dev/betabrite
12:17:2, Tue May 19, 2009 - Sending  to /dev/betabrite
12:18:1, Tue May 19, 2009 - Sending  to /dev/betabrite
12:19:1, Tue May 19, 2009 - Sending  to /dev/betabrite
12:20:2, Tue May 19, 2009 - Sending  to /dev/betabrite
12:21:1, Tue May 19, 2009 - Sending  to /dev/betabrite
12:22:1, Tue May 19, 2009 - Sending  to /dev/betabrite
12:23:2, Tue May 19, 2009 - Sending  to /dev/betabrite
12:24:1, Tue May 19, 2009 - Sending  to /dev/betabrite
12:25:1, Tue May 19, 2009 - Sending  to /dev/betabrite
12:26:2, Tue May 19, 2009 - Sending  to /dev/betabrite
12:27:1, Tue May 19, 2009 - Sending  to /dev/betabrite
12:28:1, Tue May 19, 2009 - Sending  to /dev/betabrite
12:29:1, Tue May 19, 2009 - Sending  to /dev/betabrite
12:30:1, Tue May 19, 2009 - Sending  to /dev/betabrite
12:31:2, Tue May 19, 2009 - Sending  to /dev/betabrite
12:32:1, Tue May 19, 2009 - Sending  to /dev/betabrite
12:33:1, Tue May 19, 2009 - Sending  to /dev/betabrite
12:34:2, Tue May 19, 2009 - Sending  to /dev/betabrite
12:35:1, Tue May 19, 2009 - Sending  to /dev/betabrite
12:36:1, Tue May 19, 2009 - Sending  to /dev/betabrite
12:37:2, Tue May 19, 2009 - Sending  to /dev/betabrite
12:38:1, Tue May 19, 2009 - Sending  to /dev/betabrite
12:39:1, Tue May 19, 2009 - Sending  to /dev/betabrite
12:40:1, Tue May 19, 2009 - Sending  to /dev/betabrite
12:41:1, Tue May 19, 2009 - Sending  to /dev/betabrite
12:42:2, Tue May 19, 2009 - Sending  to /dev/betabrite
12:43:1, Tue May 19, 2009 - Sending  to /dev/betabrite
12:44:1, Tue May 19, 2009 - Sending  to /dev/betabrite
12:45:2, Tue May 19, 2009 - Sending  to /dev/betabrite
12:46:1, Tue May 19, 2009 - Sending  to /dev/betabrite
12:47:1, Tue May 19, 2009 - Sending  to /dev/betabrite
12:48:2, Tue May 19, 2009 - Sending  to /dev/betabrite
12:49:1, Tue May 19, 2009 - Sending  to /dev/betabrite
12:50:2, Tue May 19, 2009 - Sending  to /dev/betabrite
12:51:1, Tue May 19, 2009 - Sending  to /dev/betabrite
12:52:1, Tue May 19, 2009 - Sending  to /dev/betabrite
12:53:2, Tue May 19, 2009 - Sending  to /dev/betabrite
12:54:1, Tue May 19, 2009 - Sending  to /dev/betabrite
12:55:1, Tue May 19, 2009 - Sending  to /dev/betabrite
12:56:2, Tue May 19, 2009 - Sending  to /dev/betabrite
12:57:1, Tue May 19, 2009 - Sending  to /dev/betabrite
12:58:1, Tue May 19, 2009 - Sending  to /dev/betabrite
12:59:2, Tue May 19, 2009 - Sending  to /dev/betabrite
13:0:1, Tue May 19, 2009 - Sending  to /dev/betabrite
13:1:1, Tue May 19, 2009 - Sending  to /dev/betabrite
13:2:2, Tue May 19, 2009 - Sending  to /dev/betabrite
13:3:1, Tue May 19, 2009 - Sending  to /dev/betabrite
13:4:1, Tue May 19, 2009 - Sending  to /dev/betabrite
13:5:1, Tue May 19, 2009 - Sending  to /dev/betabrite
13:6:1, Tue May 19, 2009 - Sending  to /dev/betabrite
13:7:2, Tue May 19, 2009 - Sending  to /dev/betabrite
13:8:1, Tue May 19, 2009 - Sending  to /dev/betabrite
13:9:1, Tue May 19, 2009 - Sending  to /dev/betabrite
13:10:2, Tue May 19, 2009 - Sending  to /dev/betabrite
13:11:1, Tue May 19, 2009 - Sending  to /dev/betabrite
13:12:1, Tue May 19, 2009 - Sending  to /dev/betabrite
13:13:1, Tue May 19, 2009 - Sending  to /dev/betabrite
13:14:1, Tue May 19, 2009 - Sending  to /dev/betabrite
13:15:2, Tue May 19, 2009 - Sending  to /dev/betabrite
13:16:1, Tue May 19, 2009 - Sending  to /dev/betabrite
13:17:1, Tue May 19, 2009 - Sending  to /dev/betabrite
13:18:1, Tue May 19, 2009 - Sending  to /dev/betabrite
13:21:1, Tue May 19, 2009 - Sending  to /dev/betabrite
13:22:1, Tue May 19, 2009 - Sending  to /dev/betabrite
13:23:1, Tue May 19, 2009: Sending -1 commands to /dev/betabrite
13:24:2 - Tue May 19 2009: Sending -1 commands to /dev/betabrite
13:25:1 - Tue 19 of May 2009: Sending -1 commands to /dev/betabrite
13:26:1 - Tue 19 of May 2009: Sending -1 commands to /dev/betabrite
13:27:2 - Tue 19 of May 2009: Sending -1 commands to /dev/betabrite
13:28:1 - Tue 19 of May 2009: Sending -1 commands to /dev/betabrite
13:29:1 - Tue 19 of May 2009: Sending -1 commands to /dev/betabrite
13:30:2 - Tue 19 of May 2009: Sending -1 commands to /dev/betabrite
13:31:1 - Tue 19 of May 09: Sending -1 commands to /dev/betabrite
Global symbol "$theTime" requires explicit package name at /opt/bbxml/bin/bbxml2 line 46.
Execution of /opt/bbxml/bin/bbxml2 aborted due to compilation errors.
Global symbol "$theTime" requires explicit package name at /opt/bbxml/bin/bbxml2 line 46.
Execution of /opt/bbxml/bin/bbxml2 aborted due to compilation errors.
Tue May 19 13:34:01 2009: Sending -1 commands to /dev/betabrite
Tue May 19 13:35:02 2009: Sending -1 commands to /dev/betabrite
Tue May 19 13:36:01 2009: Sending -1 commands to /dev/betabrite
Tue May 19 13:37:01 2009: Sending -1 commands to /dev/betabrite
Tue May 19 13:38:02 2009: Sending -1 commands to /dev/betabrite
Tue May 19 13:39:01 2009: Sending -1 commands to /dev/betabrite
Tue May 19 13:40:01 2009: Sending -1 commands to /dev/betabrite
Tue May 19 13:41:01 2009: Sending -1 commands to /dev/betabrite
